<?xml version="1.0" encoding="UTF-8"?>
<testsuite xmlns:xsi="http://www.w3.org/2001/XMLSchema-instance" xsi:noNamespaceSchemaLocation="https://maven.apache.org/surefire/maven-surefire-plugin/xsd/surefire-test-report-3.0.xsd" version="3.0" name="Test.MavenProject.AppTest" time="5.334" tests="1" errors="0" skipped="0" failures="0">
  <properties>
    <property name="java.specification.version" value="16"/>
    <property name="sun.jnu.encoding" value="UTF-8"/>
    <property name="java.class.path" value="/Users/saidinesh/eclipse-workspace/MavenProject/target/test-classes:/Users/saidinesh/eclipse-workspace/MavenProject/target/classes:/Users/saidinesh/.m2/repository/org/seleniumhq/selenium/selenium-java/4.0.0-alpha-5/selenium-java-4.0.0-alpha-5.jar:/Users/saidinesh/.m2/repository/org/seleniumhq/selenium/selenium-api/4.0.0-alpha-5/selenium-api-4.0.0-alpha-5.jar:/Users/saidinesh/.m2/repository/org/seleniumhq/selenium/selenium-chrome-driver/4.0.0-alpha-5/selenium-chrome-driver-4.0.0-alpha-5.jar:/Users/saidinesh/.m2/repository/com/google/auto/service/auto-service-annotations/1.0-rc6/auto-service-annotations-1.0-rc6.jar:/Users/saidinesh/.m2/repository/com/google/auto/service/auto-service/1.0-rc6/auto-service-1.0-rc6.jar:/Users/saidinesh/.m2/repository/com/google/auto/auto-common/0.10/auto-common-0.10.jar:/Users/saidinesh/.m2/repository/com/google/guava/guava/28.2-jre/guava-28.2-jre.jar:/Users/saidinesh/.m2/repository/com/google/guava/failureaccess/1.0.1/failureaccess-1.0.1.jar:/Users/saidinesh/.m2/repository/com/google/guava/listenablefuture/9999.0-empty-to-avoid-conflict-with-guava/listenablefuture-9999.0-empty-to-avoid-conflict-with-guava.jar:/Users/saidinesh/.m2/repository/com/google/code/findbugs/jsr305/3.0.2/jsr305-3.0.2.jar:/Users/saidinesh/.m2/repository/org/checkerframework/checker-qual/2.10.0/checker-qual-2.10.0.jar:/Users/saidinesh/.m2/repository/com/google/errorprone/error_prone_annotations/2.3.4/error_prone_annotations-2.3.4.jar:/Users/saidinesh/.m2/repository/com/google/j2objc/j2objc-annotations/1.3/j2objc-annotations-1.3.jar:/Users/saidinesh/.m2/repository/org/seleniumhq/selenium/selenium-chromium-driver/4.0.0-alpha-5/selenium-chromium-driver-4.0.0-alpha-5.jar:/Users/saidinesh/.m2/repository/org/seleniumhq/selenium/selenium-devtools/4.0.0-alpha-5/selenium-devtools-4.0.0-alpha-5.jar:/Users/saidinesh/.m2/repository/org/seleniumhq/selenium/selenium-http/4.0.0-alpha-5/selenium-http-4.0.0-alpha-5.jar:/Users/saidinesh/.m2/repository/org/seleniumhq/selenium/selenium-json/4.0.0-alpha-5/selenium-json-4.0.0-alpha-5.jar:/Users/saidinesh/.m2/repository/org/seleniumhq/selenium/selenium-edge-driver/4.0.0-alpha-5/selenium-edge-driver-4.0.0-alpha-5.jar:/Users/saidinesh/.m2/repository/org/seleniumhq/selenium/selenium-edgehtml-driver/4.0.0-alpha-5/selenium-edgehtml-driver-4.0.0-alpha-5.jar:/Users/saidinesh/.m2/repository/org/seleniumhq/selenium/selenium-firefox-driver/4.0.0-alpha-5/selenium-firefox-driver-4.0.0-alpha-5.jar:/Users/saidinesh/.m2/repository/org/seleniumhq/selenium/selenium-firefox-xpi-driver/4.0.0-alpha-5/selenium-firefox-xpi-driver-4.0.0-alpha-5.jar:/Users/saidinesh/.m2/repository/org/seleniumhq/selenium/selenium-ie-driver/4.0.0-alpha-5/selenium-ie-driver-4.0.0-alpha-5.jar:/Users/saidinesh/.m2/repository/org/seleniumhq/selenium/selenium-opera-driver/4.0.0-alpha-5/selenium-opera-driver-4.0.0-alpha-5.jar:/Users/saidinesh/.m2/repository/org/seleniumhq/selenium/selenium-remote-driver/4.0.0-alpha-5/selenium-remote-driver-4.0.0-alpha-5.jar:/Users/saidinesh/.m2/repository/com/squareup/okhttp3/okhttp/4.4.1/okhttp-4.4.1.jar:/Users/saidinesh/.m2/repository/org/jetbrains/kotlin/kotlin-stdlib/1.3.61/kotlin-stdlib-1.3.61.jar:/Users/saidinesh/.m2/repository/org/jetbrains/annotations/13.0/annotations-13.0.jar:/Users/saidinesh/.m2/repository/com/squareup/okio/okio/2.4.3/okio-2.4.3.jar:/Users/saidinesh/.m2/repository/org/jetbrains/kotlin/kotlin-stdlib-common/1.3.61/kotlin-stdlib-common-1.3.61.jar:/Users/saidinesh/.m2/repository/com/typesafe/netty/netty-reactive-streams/2.0.4/netty-reactive-streams-2.0.4.jar:/Users/saidinesh/.m2/repository/io/netty/netty-handler/4.1.43.Final/netty-handler-4.1.43.Final.jar:/Users/saidinesh/.m2/repository/org/reactivestreams/reactive-streams/1.0.3/reactive-streams-1.0.3.jar:/Users/saidinesh/.m2/repository/io/netty/netty-buffer/4.1.47.Final/netty-buffer-4.1.47.Final.jar:/Users/saidinesh/.m2/repository/io/netty/netty-common/4.1.47.Final/netty-common-4.1.47.Final.jar:/Users/saidinesh/.m2/repository/io/netty/netty-codec-http/4.1.47.Final/netty-codec-http-4.1.47.Final.jar:/Users/saidinesh/.m2/repository/io/netty/netty-codec/4.1.47.Final/netty-codec-4.1.47.Final.jar:/Users/saidinesh/.m2/repository/io/netty/netty-transport-native-epoll/4.1.47.Final/netty-transport-native-epoll-4.1.47.Final.jar:/Users/saidinesh/.m2/repository/io/netty/netty-transport-native-epoll/4.1.47.Final/netty-transport-native-epoll-4.1.47.Final-linux-x86_64.jar:/Users/saidinesh/.m2/repository/io/netty/netty-transport-native-kqueue/4.1.47.Final/netty-transport-native-kqueue-4.1.47.Final.jar:/Users/saidinesh/.m2/repository/io/netty/netty-transport-native-kqueue/4.1.47.Final/netty-transport-native-kqueue-4.1.47.Final-osx-x86_64.jar:/Users/saidinesh/.m2/repository/io/netty/netty-transport-native-unix-common/4.1.47.Final/netty-transport-native-unix-common-4.1.47.Final.jar:/Users/saidinesh/.m2/repository/io/netty/netty-transport/4.1.47.Final/netty-transport-4.1.47.Final.jar:/Users/saidinesh/.m2/repository/io/netty/netty-resolver/4.1.47.Final/netty-resolver-4.1.47.Final.jar:/Users/saidinesh/.m2/repository/io/opentelemetry/opentelemetry-api/0.2.0/opentelemetry-api-0.2.0.jar:/Users/saidinesh/.m2/repository/io/grpc/grpc-context/1.24.0/grpc-context-1.24.0.jar:/Users/saidinesh/.m2/repository/net/bytebuddy/byte-buddy/1.10.8/byte-buddy-1.10.8.jar:/Users/saidinesh/.m2/repository/org/apache/commons/commons-exec/1.3/commons-exec-1.3.jar:/Users/saidinesh/.m2/repository/org/asynchttpclient/async-http-client/2.11.0/async-http-client-2.11.0.jar:/Users/saidinesh/.m2/repository/org/asynchttpclient/async-http-client-netty-utils/2.11.0/async-http-client-netty-utils-2.11.0.jar:/Users/saidinesh/.m2/repository/io/netty/netty-codec-socks/4.1.46.Final/netty-codec-socks-4.1.46.Final.jar:/Users/saidinesh/.m2/repository/io/netty/netty-handler-proxy/4.1.46.Final/netty-handler-proxy-4.1.46.Final.jar:/Users/saidinesh/.m2/repository/org/slf4j/slf4j-api/1.7.30/slf4j-api-1.7.30.jar:/Users/saidinesh/.m2/repository/com/sun/activation/javax.activation/1.2.0/javax.activation-1.2.0.jar:/Users/saidinesh/.m2/repository/org/seleniumhq/selenium/selenium-safari-driver/4.0.0-alpha-5/selenium-safari-driver-4.0.0-alpha-5.jar:/Users/saidinesh/.m2/repository/org/seleniumhq/selenium/selenium-support/4.0.0-alpha-5/selenium-support-4.0.0-alpha-5.jar:/Users/saidinesh/.m2/repository/org/testng/testng/6.14.3/testng-6.14.3.jar:/Users/saidinesh/.m2/repository/com/beust/jcommander/1.72/jcommander-1.72.jar:/Users/saidinesh/.m2/repository/org/apache-extras/beanshell/bsh/2.0b6/bsh-2.0b6.jar:/Users/saidinesh/.m2/repository/org/apache/poi/poi-ooxml/3.17/poi-ooxml-3.17.jar:/Users/saidinesh/.m2/repository/org/apache/poi/poi-ooxml-schemas/3.17/poi-ooxml-schemas-3.17.jar:/Users/saidinesh/.m2/repository/org/apache/xmlbeans/xmlbeans/2.6.0/xmlbeans-2.6.0.jar:/Users/saidinesh/.m2/repository/stax/stax-api/1.0.1/stax-api-1.0.1.jar:/Users/saidinesh/.m2/repository/com/github/virtuald/curvesapi/1.04/curvesapi-1.04.jar:/Users/saidinesh/.m2/repository/org/apache/poi/poi/3.17/poi-3.17.jar:/Users/saidinesh/.m2/repository/commons-codec/commons-codec/1.10/commons-codec-1.10.jar:/Users/saidinesh/.m2/repository/org/apache/commons/commons-collections4/4.1/commons-collections4-4.1.jar:/Users/saidinesh/.m2/repository/commons-io/commons-io/2.6/commons-io-2.6.jar:/Users/saidinesh/.m2/repository/log4j/log4j/1.2.17/log4j-1.2.17.jar:/Users/saidinesh/.m2/repository/com/aventstack/extentreports/4.1.5/extentreports-4.1.5.jar:/Users/saidinesh/.m2/repository/org/freemarker/freemarker/2.3.29/freemarker-2.3.29.jar:/Users/saidinesh/.m2/repository/org/apache/httpcomponents/httpclient/4.5.2/httpclient-4.5.2.jar:/Users/saidinesh/.m2/repository/org/apache/httpcomponents/httpcore/4.4.4/httpcore-4.4.4.jar:/Users/saidinesh/.m2/repository/commons-logging/commons-logging/1.2/commons-logging-1.2.jar:/Users/saidinesh/.m2/repository/org/apache/httpcomponents/httpmime/4.5.2/httpmime-4.5.2.jar:/Users/saidinesh/.m2/repository/com/google/code/gson/gson/2.8.6/gson-2.8.6.jar:/Users/saidinesh/.m2/repository/org/mongodb/mongodb-driver/3.12.0/mongodb-driver-3.12.0.jar:/Users/saidinesh/.m2/repository/org/mongodb/mongodb-driver-core/3.12.0/mongodb-driver-core-3.12.0.jar:/Users/saidinesh/.m2/repository/org/mongodb/bson/3.12.0/bson-3.12.0.jar:"/>
    <property name="java.vm.vendor" value="Oracle Corporation"/>
    <property name="sun.arch.data.model" value="64"/>
    <property name="java.vendor.url" value="https://java.oracle.com/"/>
    <property name="user.timezone" value="Asia/Kolkata"/>
    <property name="os.name" value="Mac OS X"/>
    <property name="java.vm.specification.version" value="16"/>
    <property name="sun.java.launcher" value="SUN_STANDARD"/>
    <property name="user.country" value="IN"/>
    <property name="sun.boot.library.path" value="/Users/saidinesh/Library/Java/JavaVirtualMachines/openjdk-16.0.1/Contents/Home/lib"/>
    <property name="sun.java.command" value="/Users/saidinesh/eclipse-workspace/MavenProject/target/surefire/surefirebooter14544223705832431390.jar /Users/saidinesh/eclipse-workspace/MavenProject/target/surefire 2023-04-19T12-01-53_526-jvmRun1 surefire8539096574945706588tmp surefire_018223351849111762502tmp"/>
    <property name="http.nonProxyHosts" value="local|*.local|169.254/16|*.169.254/16"/>
    <property name="jdk.debug" value="release"/>
    <property name="surefire.test.class.path" value="/Users/saidinesh/eclipse-workspace/MavenProject/target/test-classes:/Users/saidinesh/eclipse-workspace/MavenProject/target/classes:/Users/saidinesh/.m2/repository/org/seleniumhq/selenium/selenium-java/4.0.0-alpha-5/selenium-java-4.0.0-alpha-5.jar:/Users/saidinesh/.m2/repository/org/seleniumhq/selenium/selenium-api/4.0.0-alpha-5/selenium-api-4.0.0-alpha-5.jar:/Users/saidinesh/.m2/repository/org/seleniumhq/selenium/selenium-chrome-driver/4.0.0-alpha-5/selenium-chrome-driver-4.0.0-alpha-5.jar:/Users/saidinesh/.m2/repository/com/google/auto/service/auto-service-annotations/1.0-rc6/auto-service-annotations-1.0-rc6.jar:/Users/saidinesh/.m2/repository/com/google/auto/service/auto-service/1.0-rc6/auto-service-1.0-rc6.jar:/Users/saidinesh/.m2/repository/com/google/auto/auto-common/0.10/auto-common-0.10.jar:/Users/saidinesh/.m2/repository/com/google/guava/guava/28.2-jre/guava-28.2-jre.jar:/Users/saidinesh/.m2/repository/com/google/guava/failureaccess/1.0.1/failureaccess-1.0.1.jar:/Users/saidinesh/.m2/repository/com/google/guava/listenablefuture/9999.0-empty-to-avoid-conflict-with-guava/listenablefuture-9999.0-empty-to-avoid-conflict-with-guava.jar:/Users/saidinesh/.m2/repository/com/google/code/findbugs/jsr305/3.0.2/jsr305-3.0.2.jar:/Users/saidinesh/.m2/repository/org/checkerframework/checker-qual/2.10.0/checker-qual-2.10.0.jar:/Users/saidinesh/.m2/repository/com/google/errorprone/error_prone_annotations/2.3.4/error_prone_annotations-2.3.4.jar:/Users/saidinesh/.m2/repository/com/google/j2objc/j2objc-annotations/1.3/j2objc-annotations-1.3.jar:/Users/saidinesh/.m2/repository/org/seleniumhq/selenium/selenium-chromium-driver/4.0.0-alpha-5/selenium-chromium-driver-4.0.0-alpha-5.jar:/Users/saidinesh/.m2/repository/org/seleniumhq/selenium/selenium-devtools/4.0.0-alpha-5/selenium-devtools-4.0.0-alpha-5.jar:/Users/saidinesh/.m2/repository/org/seleniumhq/selenium/selenium-http/4.0.0-alpha-5/selenium-http-4.0.0-alpha-5.jar:/Users/saidinesh/.m2/repository/org/seleniumhq/selenium/selenium-json/4.0.0-alpha-5/selenium-json-4.0.0-alpha-5.jar:/Users/saidinesh/.m2/repository/org/seleniumhq/selenium/selenium-edge-driver/4.0.0-alpha-5/selenium-edge-driver-4.0.0-alpha-5.jar:/Users/saidinesh/.m2/repository/org/seleniumhq/selenium/selenium-edgehtml-driver/4.0.0-alpha-5/selenium-edgehtml-driver-4.0.0-alpha-5.jar:/Users/saidinesh/.m2/repository/org/seleniumhq/selenium/selenium-firefox-driver/4.0.0-alpha-5/selenium-firefox-driver-4.0.0-alpha-5.jar:/Users/saidinesh/.m2/repository/org/seleniumhq/selenium/selenium-firefox-xpi-driver/4.0.0-alpha-5/selenium-firefox-xpi-driver-4.0.0-alpha-5.jar:/Users/saidinesh/.m2/repository/org/seleniumhq/selenium/selenium-ie-driver/4.0.0-alpha-5/selenium-ie-driver-4.0.0-alpha-5.jar:/Users/saidinesh/.m2/repository/org/seleniumhq/selenium/selenium-opera-driver/4.0.0-alpha-5/selenium-opera-driver-4.0.0-alpha-5.jar:/Users/saidinesh/.m2/repository/org/seleniumhq/selenium/selenium-remote-driver/4.0.0-alpha-5/selenium-remote-driver-4.0.0-alpha-5.jar:/Users/saidinesh/.m2/repository/com/squareup/okhttp3/okhttp/4.4.1/okhttp-4.4.1.jar:/Users/saidinesh/.m2/repository/org/jetbrains/kotlin/kotlin-stdlib/1.3.61/kotlin-stdlib-1.3.61.jar:/Users/saidinesh/.m2/repository/org/jetbrains/annotations/13.0/annotations-13.0.jar:/Users/saidinesh/.m2/repository/com/squareup/okio/okio/2.4.3/okio-2.4.3.jar:/Users/saidinesh/.m2/repository/org/jetbrains/kotlin/kotlin-stdlib-common/1.3.61/kotlin-stdlib-common-1.3.61.jar:/Users/saidinesh/.m2/repository/com/typesafe/netty/netty-reactive-streams/2.0.4/netty-reactive-streams-2.0.4.jar:/Users/saidinesh/.m2/repository/io/netty/netty-handler/4.1.43.Final/netty-handler-4.1.43.Final.jar:/Users/saidinesh/.m2/repository/org/reactivestreams/reactive-streams/1.0.3/reactive-streams-1.0.3.jar:/Users/saidinesh/.m2/repository/io/netty/netty-buffer/4.1.47.Final/netty-buffer-4.1.47.Final.jar:/Users/saidinesh/.m2/repository/io/netty/netty-common/4.1.47.Final/netty-common-4.1.47.Final.jar:/Users/saidinesh/.m2/repository/io/netty/netty-codec-http/4.1.47.Final/netty-codec-http-4.1.47.Final.jar:/Users/saidinesh/.m2/repository/io/netty/netty-codec/4.1.47.Final/netty-codec-4.1.47.Final.jar:/Users/saidinesh/.m2/repository/io/netty/netty-transport-native-epoll/4.1.47.Final/netty-transport-native-epoll-4.1.47.Final.jar:/Users/saidinesh/.m2/repository/io/netty/netty-transport-native-epoll/4.1.47.Final/netty-transport-native-epoll-4.1.47.Final-linux-x86_64.jar:/Users/saidinesh/.m2/repository/io/netty/netty-transport-native-kqueue/4.1.47.Final/netty-transport-native-kqueue-4.1.47.Final.jar:/Users/saidinesh/.m2/repository/io/netty/netty-transport-native-kqueue/4.1.47.Final/netty-transport-native-kqueue-4.1.47.Final-osx-x86_64.jar:/Users/saidinesh/.m2/repository/io/netty/netty-transport-native-unix-common/4.1.47.Final/netty-transport-native-unix-common-4.1.47.Final.jar:/Users/saidinesh/.m2/repository/io/netty/netty-transport/4.1.47.Final/netty-transport-4.1.47.Final.jar:/Users/saidinesh/.m2/repository/io/netty/netty-resolver/4.1.47.Final/netty-resolver-4.1.47.Final.jar:/Users/saidinesh/.m2/repository/io/opentelemetry/opentelemetry-api/0.2.0/opentelemetry-api-0.2.0.jar:/Users/saidinesh/.m2/repository/io/grpc/grpc-context/1.24.0/grpc-context-1.24.0.jar:/Users/saidinesh/.m2/repository/net/bytebuddy/byte-buddy/1.10.8/byte-buddy-1.10.8.jar:/Users/saidinesh/.m2/repository/org/apache/commons/commons-exec/1.3/commons-exec-1.3.jar:/Users/saidinesh/.m2/repository/org/asynchttpclient/async-http-client/2.11.0/async-http-client-2.11.0.jar:/Users/saidinesh/.m2/repository/org/asynchttpclient/async-http-client-netty-utils/2.11.0/async-http-client-netty-utils-2.11.0.jar:/Users/saidinesh/.m2/repository/io/netty/netty-codec-socks/4.1.46.Final/netty-codec-socks-4.1.46.Final.jar:/Users/saidinesh/.m2/repository/io/netty/netty-handler-proxy/4.1.46.Final/netty-handler-proxy-4.1.46.Final.jar:/Users/saidinesh/.m2/repository/org/slf4j/slf4j-api/1.7.30/slf4j-api-1.7.30.jar:/Users/saidinesh/.m2/repository/com/sun/activation/javax.activation/1.2.0/javax.activation-1.2.0.jar:/Users/saidinesh/.m2/repository/org/seleniumhq/selenium/selenium-safari-driver/4.0.0-alpha-5/selenium-safari-driver-4.0.0-alpha-5.jar:/Users/saidinesh/.m2/repository/org/seleniumhq/selenium/selenium-support/4.0.0-alpha-5/selenium-support-4.0.0-alpha-5.jar:/Users/saidinesh/.m2/repository/org/testng/testng/6.14.3/testng-6.14.3.jar:/Users/saidinesh/.m2/repository/com/beust/jcommander/1.72/jcommander-1.72.jar:/Users/saidinesh/.m2/repository/org/apache-extras/beanshell/bsh/2.0b6/bsh-2.0b6.jar:/Users/saidinesh/.m2/repository/org/apache/poi/poi-ooxml/3.17/poi-ooxml-3.17.jar:/Users/saidinesh/.m2/repository/org/apache/poi/poi-ooxml-schemas/3.17/poi-ooxml-schemas-3.17.jar:/Users/saidinesh/.m2/repository/org/apache/xmlbeans/xmlbeans/2.6.0/xmlbeans-2.6.0.jar:/Users/saidinesh/.m2/repository/stax/stax-api/1.0.1/stax-api-1.0.1.jar:/Users/saidinesh/.m2/repository/com/github/virtuald/curvesapi/1.04/curvesapi-1.04.jar:/Users/saidinesh/.m2/repository/org/apache/poi/poi/3.17/poi-3.17.jar:/Users/saidinesh/.m2/repository/commons-codec/commons-codec/1.10/commons-codec-1.10.jar:/Users/saidinesh/.m2/repository/org/apache/commons/commons-collections4/4.1/commons-collections4-4.1.jar:/Users/saidinesh/.m2/repository/commons-io/commons-io/2.6/commons-io-2.6.jar:/Users/saidinesh/.m2/repository/log4j/log4j/1.2.17/log4j-1.2.17.jar:/Users/saidinesh/.m2/repository/com/aventstack/extentreports/4.1.5/extentreports-4.1.5.jar:/Users/saidinesh/.m2/repository/org/freemarker/freemarker/2.3.29/freemarker-2.3.29.jar:/Users/saidinesh/.m2/repository/org/apache/httpcomponents/httpclient/4.5.2/httpclient-4.5.2.jar:/Users/saidinesh/.m2/repository/org/apache/httpcomponents/httpcore/4.4.4/httpcore-4.4.4.jar:/Users/saidinesh/.m2/repository/commons-logging/commons-logging/1.2/commons-logging-1.2.jar:/Users/saidinesh/.m2/repository/org/apache/httpcomponents/httpmime/4.5.2/httpmime-4.5.2.jar:/Users/saidinesh/.m2/repository/com/google/code/gson/gson/2.8.6/gson-2.8.6.jar:/Users/saidinesh/.m2/repository/org/mongodb/mongodb-driver/3.12.0/mongodb-driver-3.12.0.jar:/Users/saidinesh/.m2/repository/org/mongodb/mongodb-driver-core/3.12.0/mongodb-driver-core-3.12.0.jar:/Users/saidinesh/.m2/repository/org/mongodb/bson/3.12.0/bson-3.12.0.jar:"/>
    <property name="sun.cpu.endian" value="little"/>
    <property name="user.home" value="/Users/saidinesh"/>
    <property name="user.language" value="en"/>
    <property name="java.specification.vendor" value="Oracle Corporation"/>
    <property name="java.version.date" value="2021-04-20"/>
    <property name="java.home" value="/Users/saidinesh/Library/Java/JavaVirtualMachines/openjdk-16.0.1/Contents/Home"/>
    <property name="file.separator" value="/"/>
    <property name="basedir" value="/Users/saidinesh/eclipse-workspace/MavenProject"/>
    <property name="java.vm.compressedOopsMode" value="Zero based"/>
    <property name="line.separator" value="&#10;"/>
    <property name="java.specification.name" value="Java Platform API Specification"/>
    <property name="java.vm.specification.vendor" value="Oracle Corporation"/>
    <property name="surefire.real.class.path" value="/Users/saidinesh/eclipse-workspace/MavenProject/target/surefire/surefirebooter14544223705832431390.jar"/>
    <property name="sun.management.compiler" value="HotSpot 64-Bit Tiered Compilers"/>
    <property name="ftp.nonProxyHosts" value="local|*.local|169.254/16|*.169.254/16"/>
    <property name="java.runtime.version" value="16.0.1+9-24"/>
    <property name="user.name" value="saidinesh"/>
    <property name="path.separator" value=":"/>
    <property name="os.version" value="10.16"/>
    <property name="java.runtime.name" value="OpenJDK Runtime Environment"/>
    <property name="file.encoding" value="UTF-8"/>
    <property name="java.vm.name" value="OpenJDK 64-Bit Server VM"/>
    <property name="localRepository" value="/Users/saidinesh/.m2/repository"/>
    <property name="java.vendor.url.bug" value="https://bugreport.java.com/bugreport/"/>
    <property name="java.io.tmpdir" value="/var/folders/lg/4v8q1yrx2k36y1h6_4q4hzdm0000gn/T/"/>
    <property name="java.version" value="16.0.1"/>
    <property name="user.dir" value="/Users/saidinesh/eclipse-workspace/MavenProject"/>
    <property name="os.arch" value="x86_64"/>
    <property name="java.vm.specification.name" value="Java Virtual Machine Specification"/>
    <property name="java.library.path" value="/Users/saidinesh/Library/Java/Extensions:/Library/Java/Extensions:/Network/Library/Java/Extensions:/System/Library/Java/Extensions:/usr/lib/java:."/>
    <property name="java.vm.info" value="mixed mode, sharing"/>
    <property name="java.vendor" value="Oracle Corporation"/>
    <property name="java.vm.version" value="16.0.1+9-24"/>
    <property name="sun.io.unicode.encoding" value="UnicodeBig"/>
    <property name="socksNonProxyHosts" value="local|*.local|169.254/16|*.169.254/16"/>
    <property name="java.class.version" value="60.0"/>
  </properties>
  <testcase name="shouldAnswerWithTrue" classname="Test.MavenProject.AppTest" time="0.006"/>
</testsuite>