<?xml version="1.0" encoding="UTF-8"?>
<!-- Generated by org.testng.reporters.JUnitReportReporter -->
<testsuite skipped="0" hostname="Saidineshs-MacBook-Pro.local" name="Test.MavenProject.GooglePage" tests="1" failures="0" timestamp="2023-05-14T06:42:42 IST" time="8.737" errors="0">
  <testcase name="GoogleTitleValidation" time="8.737" classname="Test.MavenProject.GooglePage"/>
  <system-out/>
</testsuite> <!-- Test.MavenProject.GooglePage -->
