<?xml version="1.0" encoding="UTF-8"?>
<!-- Generated by org.testng.reporters.JUnitReportReporter -->
<testsuite skipped="0" hostname="Saidineshs-MacBook-Pro.local" name="Test.MavenProject.Unittest" tests="2" failures="0" timestamp="2023-06-19T12:12:26 IST" time="0.007" errors="0">
  <testcase name="TestcaseValidation2" time="0.001" classname="Test.MavenProject.Unittest"/>
  <system-out/>
  <testcase name="TestcaseValidation1" time="0.006" classname="Test.MavenProject.Unittest"/>
  <system-out/>
</testsuite> <!-- Test.MavenProject.Unittest -->
