<?xml version="1.0" encoding="UTF-8"?>
<!-- Generated by org.testng.reporters.JUnitReportReporter -->
<testsuite hostname="Saidineshs-MacBook-Pro.local" failures="0" tests="1" name="Test.MavenProject.GooglePage" time="1.750" errors="0" timestamp="2023-04-19T16:43:03 IST" skipped="0">
  <testcase classname="Test.MavenProject.GooglePage" name="GoogleTitleValidation" time="1.750"/>
  <system-out/>
</testsuite> <!-- Test.MavenProject.GooglePage -->
