<?xml version="1.0" encoding="UTF-8"?>
<!-- Generated by org.testng.reporters.JUnitReportReporter -->
<testsuite hostname="Saidineshs-MacBook-Pro.local" failures="0" tests="1" name="NewTest" time="0.000" errors="0" timestamp="19 Apr 2023 08:47:44 GMT" skipped="0">
  <testcase classname="NewTest" name="f" time="0.000"/>
</testsuite> <!-- NewTest -->
