<?xml version="1.0" encoding="UTF-8"?>
<!-- Generated by org.testng.reporters.JUnitReportReporter -->
<testsuite hostname="Saidineshs-MacBook-Pro.local" failures="0" tests="2" name="Test.MavenProject.Unittest" time="0.001" errors="0" timestamp="19 Jun 2023 07:10:49 GMT" skipped="0">
  <testcase classname="Test.MavenProject.Unittest" name="TestcaseValidation1" time="0.001"/>
  <testcase classname="Test.MavenProject.Unittest" name="TestcaseValidation2" time="0.000"/>
</testsuite> <!-- Test.MavenProject.Unittest -->
