<?xml version="1.0" encoding="UTF-8"?>
<!-- Generated by org.testng.reporters.JUnitReportReporter -->
<testsuite hostname="Saidineshs-MacBook-Pro.local" failures="0" tests="1" name="Test.MavenProject.GooglePage" time="1.164" errors="0" timestamp="09 Jun 2023 06:59:19 GMT" skipped="0">
  <testcase classname="Test.MavenProject.GooglePage" name="GoogleTitleValidation" time="1.164"/>
</testsuite> <!-- Test.MavenProject.GooglePage -->
