<?xml version="1.0" encoding="UTF-8"?>
<!-- Generated by org.testng.reporters.JUnitReportReporter -->
<testsuite hostname="Saidineshs-MacBook-Pro.local" failures="0" tests="1" name="Test.MavenProject.AppTest" time="0.005" errors="0" timestamp="19 Apr 2023 08:47:44 GMT" skipped="0">
  <testcase classname="Test.MavenProject.AppTest" name="shouldAnswerWithTrue" time="0.005"/>
</testsuite> <!-- Test.MavenProject.AppTest -->
